[run.sh] resuming from data2048_nbt/latest.pt

=== 800 games, 6 threads, sims=64, batch<=512 ===
avg_score=11878 best=59032  (412.6s, 1.9 games/s)
server forwards=236039 evals=36082887  avg_batch=152.9  evals/s=87448
tiles: 128:23 256:211 512:237 1024:198 2048:127 4096:4
wrote 566597 rows to data2048_nbt/selfplay
[Shuffle] total_rows=792742 pool=421886 keep=421886 ratio=1.0000 (min=250000, E=0.65, IWPR=0.4, keep_target=2000000)
[Shuffle] OOW cleanup: deleted 7 files past pool boundary
[Shuffle] pass1: 421886 rows from 10 files -> 5 groups x 3 buckets
[Shuffle] wrote 3 shards, 421886 rows to data2048_nbt/shuffled/current (0.19s)
[bucket] cum_rows=1257545 new_rows=566597 fill=+2266388 bucket=0/512000 epochs=2 -> train_steps=4000

=== 800 games, 6 threads, sims=64, batch<=512 ===
avg_score=9178 best=48588  (332.0s, 2.4 games/s)
server forwards=187765 evals=29222750  avg_batch=155.6  evals/s=88019
tiles: 128:21 256:204 512:355 1024:165 2048:54 4096:1
wrote 462246 rows to data2048_nbt/selfplay
[Shuffle] total_rows=928843 pool=457221 keep=457221 ratio=1.0000 (min=250000, E=0.65, IWPR=0.4, keep_target=2000000)
[Shuffle] OOW cleanup: deleted 10 files past pool boundary
[Shuffle] pass1: 457221 rows from 10 files -> 5 groups x 3 buckets
[Shuffle] wrote 3 shards, 457221 rows to data2048_nbt/shuffled/current (0.22s)
[bucket] cum_rows=1719791 new_rows=462246 fill=+1848984 bucket=0/512000 epochs=2 -> train_steps=4000

===== RESTART Mon Jun  1 16:57:23 CST 2026 (resume from iter5, new plot logging) =====
[run.sh] resuming from data2048_nbt/latest.pt

=== 800 games, 6 threads, sims=64, batch<=512 ===
avg_score=25113 best=71528  (597.1s, 1.3 games/s)
server forwards=354409 evals=68761450  avg_batch=194.0  evals/s=115165
tiles: 64:1 128:2 256:13 512:42 1024:286 2048:418 4096:38
wrote 1070958 rows to data2048_nbt/selfplay
[Shuffle] total_rows=1533204 pool=596263 keep=596263 ratio=1.0000 (min=250000, E=0.65, IWPR=0.4, keep_target=2000000)
[Shuffle] OOW cleanup: deleted 19 files past pool boundary
[Shuffle] pass1: 596263 rows from 13 files -> 6 groups x 3 buckets
[Shuffle] wrote 3 shards, 596263 rows to data2048_nbt/shuffled/current (0.23s)
[bucket] cum_rows=2790749 new_rows=1070958 fill=+4283832 bucket=0/512000 epochs=2 -> train_steps=4000

=== 800 games, 6 threads, sims=64, batch<=512 ===
avg_score=4096 best=18728  (157.9s, 5.1 games/s)
server forwards=90700 evals=15398477  avg_batch=169.8  evals/s=97490
tiles: 64:17 128:159 256:364 512:236 1024:24
wrote 249241 rows to data2048_nbt/selfplay
[Shuffle] total_rows=870199 pool=442234 keep=442234 ratio=1.0000 (min=250000, E=0.65, IWPR=0.4, keep_target=2000000)
[Shuffle] OOW cleanup: deleted 8 files past pool boundary
[Shuffle] pass1: 442234 rows from 10 files -> 5 groups x 3 buckets
[Shuffle] wrote 3 shards, 442234 rows to data2048_nbt/shuffled/current (0.18s)
[bucket] cum_rows=3039990 new_rows=249241 fill=+996964 bucket=0/512000 epochs=2 -> train_steps=4000

=== 800 games, 6 threads, sims=64, batch<=512 ===
avg_score=9418 best=32628  (265.3s, 3.0 games/s)
server forwards=161503 evals=31091194  avg_batch=192.5  evals/s=117187
tiles: 128:35 256:263 512:236 1024:245 2048:21
wrote 489065 rows to data2048_nbt/selfplay
[Shuffle] total_rows=959264 pool=464864 keep=464864 ratio=1.0000 (min=250000, E=0.65, IWPR=0.4, keep_target=2000000)
[Shuffle] OOW cleanup: deleted 10 files past pool boundary
[Shuffle] pass1: 464864 rows from 10 files -> 5 groups x 3 buckets
[Shuffle] wrote 3 shards, 464864 rows to data2048_nbt/shuffled/current (0.24s)
[bucket] cum_rows=3529055 new_rows=489065 fill=+1956260 bucket=0/512000 epochs=2 -> train_steps=4000

=== 800 games, 6 threads, sims=64, batch<=512 ===
avg_score=16547 best=31520  (315.9s, 2.5 games/s)
server forwards=201447 evals=47797191  avg_batch=237.3  evals/s=151294
tiles: 128:2 256:23 512:138 1024:390 2048:247
wrote 746675 rows to data2048_nbt/selfplay
[Shuffle] total_rows=1235740 pool=530842 keep=530842 ratio=1.0000 (min=250000, E=0.65, IWPR=0.4, keep_target=2000000)
[Shuffle] OOW cleanup: deleted 14 files past pool boundary
[Shuffle] pass1: 530842 rows from 11 files -> 6 groups x 3 buckets
[Shuffle] wrote 3 shards, 530842 rows to data2048_nbt/shuffled/current (0.20s)
[bucket] cum_rows=4275730 new_rows=746675 fill=+2986700 bucket=0/512000 epochs=2 -> train_steps=4000

=== 800 games, 6 threads, sims=64, batch<=512 ===
avg_score=4786 best=16860  (169.7s, 4.7 games/s)
server forwards=99459 evals=17608071  avg_batch=177.0  evals/s=103732
tiles: 64:8 128:88 256:339 512:331 1024:34
wrote 282605 rows to data2048_nbt/selfplay
[Shuffle] total_rows=829280 pool=431568 keep=431568 ratio=1.0000 (min=250000, E=0.65, IWPR=0.4, keep_target=2000000)
[Shuffle] OOW cleanup: deleted 7 files past pool boundary
[Shuffle] pass1: 431568 rows from 10 files -> 5 groups x 3 buckets
[Shuffle] wrote 3 shards, 431568 rows to data2048_nbt/shuffled/current (0.25s)
[bucket] cum_rows=4558335 new_rows=282605 fill=+1130420 bucket=0/512000 epochs=2 -> train_steps=4000

=== 800 games, 6 threads, sims=64, batch<=512 ===
avg_score=15417 best=49624  (366.7s, 2.2 games/s)
server forwards=224690 evals=46232061  avg_batch=205.8  evals/s=126084
tiles: 64:3 128:5 256:36 512:165 1024:490 2048:99 4096:2
wrote 720520 rows to data2048_nbt/selfplay
[Shuffle] total_rows=1199800 pool=522582 keep=522582 ratio=1.0000 (min=250000, E=0.65, IWPR=0.4, keep_target=2000000)
[Shuffle] OOW cleanup: deleted 13 files past pool boundary
[Shuffle] pass1: 522582 rows from 12 files -> 6 groups x 3 buckets
[Shuffle] wrote 3 shards, 522582 rows to data2048_nbt/shuffled/current (0.19s)
[bucket] cum_rows=5278855 new_rows=720520 fill=+2882080 bucket=0/512000 epochs=2 -> train_steps=4000
